2023-03-14 11:28:05,432 INFO  [Log] opened 
2023-03-14 11:28:31,914 INFO  [Log] log1in 
2023-03-14 11:28:38,618 INFO  [Log] closed 
2023-03-14 19:17:08,792 INFO  [Log] opened 
2023-03-14 19:17:11,545 INFO  [Log] log1in 
2023-03-14 19:17:11,706 INFO  [Log] entered 
2023-03-14 19:17:12,000 INFO  [Log] seearch 
2023-03-14 19:17:19,724 INFO  [Log] entered details sucessfully 
2023-03-14 19:17:22,698 INFO  [Log] exit 
2023-03-14 19:17:26,421 INFO  [Log] closed 
2023-03-14 19:20:06,484 INFO  [Log] opened 
2023-03-14 19:20:11,849 INFO  [Log] log1in 
2023-03-14 19:20:18,512 INFO  [Log] closed 
2023-03-15 00:02:35,203 INFO  [Log] opened 
2023-03-15 00:02:39,923 INFO  [Log] log1in 
2023-03-15 18:09:20,493 INFO  [Log] opened 
2023-03-15 18:09:25,902 INFO  [Log] log1in 
2023-03-15 18:09:32,667 INFO  [Log] closed 
2023-03-15 18:10:19,032 INFO  [Log] opened 
2023-03-15 18:10:21,355 INFO  [Log] log1in 
2023-03-15 18:10:21,530 INFO  [Log] entered 
2023-03-15 18:10:21,818 INFO  [Log] seearch 
2023-03-15 18:10:29,531 INFO  [Log] entered details sucessfully 
2023-03-15 18:10:32,321 INFO  [Log] exit 
2023-03-15 18:10:36,673 INFO  [Log] closed 
2023-03-15 18:14:23,962 INFO  [Log] opened 
2023-03-15 18:14:26,131 INFO  [Log] log1in 
2023-03-15 18:14:26,308 INFO  [Log] entered 
2023-03-15 18:14:26,601 INFO  [Log] seearch 
2023-03-15 18:14:34,335 INFO  [Log] entered details sucessfully 
2023-03-15 18:14:37,046 INFO  [Log] exit 
2023-03-15 18:18:06,408 INFO  [Log] opened 
2023-03-15 18:18:10,993 INFO  [Log] login sucessfully 
2023-03-15 20:07:15,509 INFO  [Log] opened 
2023-03-15 20:07:23,386 INFO  [Log] log1in 
2023-03-15 20:10:56,935 INFO  [Log] opened 
2023-03-15 20:11:02,750 INFO  [Log] log1in 
2023-03-15 20:11:09,876 INFO  [Log] closed 
2023-03-15 20:13:10,570 INFO  [Log] opened 
2023-03-15 20:13:13,210 INFO  [Log] log1in 
2023-03-15 20:13:13,378 INFO  [Log] entered 
2023-03-15 20:13:16,688 INFO  [Log] seearch 
2023-03-15 20:13:28,402 INFO  [Log] entered details sucessfully 
2023-03-15 20:13:39,883 INFO  [Log] exit 
2023-03-15 20:13:43,541 INFO  [Log] closed 
2023-03-16 07:49:01,170 INFO  [Log] opened 
2023-03-16 07:49:04,195 INFO  [Log] log1in 
2023-03-16 07:49:04,371 INFO  [Log] entered 
2023-03-16 07:49:07,728 INFO  [Log] seearch 
2023-03-16 08:03:18,949 INFO  [Log] opened 
2023-03-16 08:03:21,568 INFO  [Log] log1in 
2023-03-16 08:03:21,743 INFO  [Log] entered 
2023-03-16 08:03:25,076 INFO  [Log] seearch 
2023-03-16 08:10:30,977 INFO  [Log] opened 
2023-03-16 08:10:34,187 INFO  [Log] log1in 
2023-03-16 08:10:34,384 INFO  [Log] entered 
2023-03-16 08:10:37,795 INFO  [Log] seearch 
2023-03-16 08:13:22,739 INFO  [Log] opened 
2023-03-16 08:13:25,238 INFO  [Log] log1in 
2023-03-16 08:13:25,420 INFO  [Log] entered 
2023-03-16 08:13:28,781 INFO  [Log] seearch 
2023-03-16 08:15:45,763 INFO  [Log] opened 
2023-03-16 08:15:48,337 INFO  [Log] log1in 
2023-03-16 08:15:48,560 INFO  [Log] entered 
2023-03-16 08:15:51,967 INFO  [Log] seearch 
2023-03-16 08:18:00,146 INFO  [Log] opened 
2023-03-16 08:18:02,533 INFO  [Log] log1in 
2023-03-16 08:18:02,710 INFO  [Log] entered 
2023-03-16 08:18:06,026 INFO  [Log] seearch 
2023-03-16 10:31:49,137 INFO  [Log] opened 
2023-03-16 10:32:31,500 INFO  [Log] log1in 
2023-03-16 10:32:31,665 INFO  [Log] entered 
2023-03-16 10:32:35,040 INFO  [Log] seearch 
2023-03-16 10:34:13,612 INFO  [Log] entered details sucessfully 
2023-03-16 10:41:05,055 INFO  [Log] opened 
2023-03-16 10:42:17,990 INFO  [Log] opened 
2023-03-16 10:42:22,554 INFO  [Log] log1in 
2023-03-16 10:42:22,715 INFO  [Log] entered 
2023-03-16 10:42:26,028 INFO  [Log] seearch 
2023-03-16 10:42:39,641 INFO  [Log] entered details sucessfully 
2023-03-16 10:42:53,311 INFO  [Log] exit 
2023-03-16 10:42:57,007 INFO  [Log] closed 
2023-03-27 23:37:23,271 INFO  [Log] opened 
2023-03-27 23:37:27,462 INFO  [Log] log1in 
2023-03-27 23:38:33,752 INFO  [Log] opened 
2023-03-27 23:38:36,273 INFO  [Log] log1in 
2023-03-27 23:38:36,440 INFO  [Log] entered 
2023-03-27 23:38:39,765 INFO  [Log] seearch 
2023-03-27 23:38:51,154 INFO  [Log] entered details sucessfully 
2023-03-27 23:39:13,661 INFO  [Log] exit 
2023-03-27 23:39:17,299 INFO  [Log] closed 
2023-03-31 11:40:52,784 INFO  [Log] open 
2023-06-12 20:24:02,212 INFO  [Log] open 
2023-06-12 20:26:20,454 INFO  [Log] opened 
2023-06-12 20:26:25,233 INFO  [Log] log1in 
2023-06-12 20:28:07,805 INFO  [Log] opened 
2023-06-12 20:28:12,034 INFO  [Log] log1in 
